Fri 17 Mar 2023 02:17:31 AM UTC: 
 tests:  0|7
total_score: 0/70
890e2a9
Fri 17 Mar 2023 02:18:44 AM UTC: 
 exercises.c | 4 +++-
 1 file changed, 3 insertions(+), 1 deletion(-)
 tests:  1|6
total_score: 10/70
4e278d1
Fri 17 Mar 2023 02:22:04 AM UTC: 
 exercises.c | 5 +++++
 1 file changed, 5 insertions(+)
In file included from test.c:5:
exercises.c: In function ‘arrayMaxMin’:
exercises.c:31:12: error: expected ‘(’ before ‘*’ token
   31 |         if *a[i] > *max
      |            ^
      |            (
exercises.c:31:12: error: invalid type argument of unary ‘*’ (have ‘int’)
   31 |         if *a[i] > *max
      |            ^~~~~
Compilation failed
4705207
Fri 17 Mar 2023 02:22:17 AM UTC: 
 exercises.c | 2 +-
 1 file changed, 1 insertion(+), 1 deletion(-)
In file included from test.c:5:
exercises.c: In function ‘arrayMaxMin’:
exercises.c:31:13: error: invalid type argument of unary ‘*’ (have ‘int’)
   31 |         if (*a[i] > *max)
      |             ^~~~~
exercises.c:32:18: error: invalid type argument of unary ‘*’ (have ‘int’)
   32 |           *max = *a[i];
      |                  ^~~~~
Compilation failed
db6e080
Fri 17 Mar 2023 02:22:29 AM UTC: 
 exercises.c | 2 +-
 1 file changed, 1 insertion(+), 1 deletion(-)
In file included from test.c:5:
exercises.c: In function ‘arrayMaxMin’:
exercises.c:32:18: error: invalid type argument of unary ‘*’ (have ‘int’)
   32 |           *max = *a[i];
      |                  ^~~~~
Compilation failed
df91efa
Fri 17 Mar 2023 02:22:38 AM UTC: 
 exercises.c | 2 +-
 1 file changed, 1 insertion(+), 1 deletion(-)
 tests:  2|5
total_score: 20/70
9e6d71e
Fri 17 Mar 2023 02:23:42 AM UTC: 
 exercises.c | 2 ++
 1 file changed, 2 insertions(+)
 tests:  1|6
total_score: 10/70
ce14023
Fri 17 Mar 2023 02:23:57 AM UTC: 
 exercises.c | 2 +-
 1 file changed, 1 insertion(+), 1 deletion(-)
In file included from test.c:5:
exercises.c: In function ‘arrayMaxMin’:
exercises.c:34:11: error: invalid operands to binary * (have ‘int’ and ‘int *’)
   33 |         else (a[i] < *min)
      |              ~~~~~~~~~~~~~
      |                    |
      |                    int
   34 |           *min = a[i];
      |           ^
Compilation failed
effe89d
Fri 17 Mar 2023 02:24:05 AM UTC: 
 exercises.c | 2 +-
 1 file changed, 1 insertion(+), 1 deletion(-)
 tests:  3|5
total_score: 20/70
3b33f1c
Fri 17 Mar 2023 02:25:05 AM UTC: 
 exercises.c | 4 ++--
 1 file changed, 2 insertions(+), 2 deletions(-)
 tests:  2|5
total_score: 20/70
9adb0ec
Fri 17 Mar 2023 02:27:26 AM UTC: 
 exercises.c | 8 ++++----
 1 file changed, 4 insertions(+), 4 deletions(-)
In file included from test.c:5:
exercises.c: In function ‘arrayMaxMin’:
exercises.c:31:18: error: comparison between pointer and integer [-Werror]
   31 |         if (a[i] > max)
      |                  ^
exercises.c:32:15: error: assignment to ‘int *’ from ‘int’ makes pointer from integer without a cast [-Werror=int-conversion]
   32 |           max = a[i];
      |               ^
exercises.c:33:18: error: comparison between pointer and integer [-Werror]
   33 |         if (a[i] < min)
      |                  ^
exercises.c:34:15: error: assignment to ‘int *’ from ‘int’ makes pointer from integer without a cast [-Werror=int-conversion]
   34 |           min = a[i];
      |               ^
cc1: all warnings being treated as errors
Compilation failed
effb2f4
Fri 17 Mar 2023 02:27:36 AM UTC: 
 exercises.c | 4 ++--
 1 file changed, 2 insertions(+), 2 deletions(-)
In file included from test.c:5:
exercises.c: In function ‘arrayMaxMin’:
exercises.c:32:15: error: assignment to ‘int *’ from ‘int’ makes pointer from integer without a cast [-Werror=int-conversion]
   32 |           max = a[i];
      |               ^
exercises.c:34:15: error: assignment to ‘int *’ from ‘int’ makes pointer from integer without a cast [-Werror=int-conversion]
   34 |           min = a[i];
      |               ^
cc1: all warnings being treated as errors
Compilation failed
6f389d5
Fri 17 Mar 2023 02:27:44 AM UTC: 
 exercises.c | 4 ++--
 1 file changed, 2 insertions(+), 2 deletions(-)
 tests:  1|6
total_score: 10/70
d3017cd
Fri 17 Mar 2023 02:28:01 AM UTC: 
 exercises.c | 2 +-
 1 file changed, 1 insertion(+), 1 deletion(-)
 tests:  1|6
total_score: 10/70
2d258bf
Fri 17 Mar 2023 02:30:41 AM UTC: 
 exercises.c | 2 ++
 1 file changed, 2 insertions(+)
 tests:  2|5
total_score: 20/70
ee556f2
Fri 17 Mar 2023 02:35:54 AM UTC: 
 exercises.c | 1 +
 1 file changed, 1 insertion(+)
In file included from test.c:5:
exercises.c: In function ‘crearPersona’:
exercises.c:58:17: error: format ‘%d’ expects argument of type ‘int *’, but argument 4 has type ‘int’ [-Werror=format=]
   58 |   scanf("%c %c %d", nombre, rut, edad);
      |                ~^                ~~~~
      |                 |                |
      |                 int *            int
exercises.c:58:3: error: ignoring return value of ‘scanf’ declared with attribute ‘warn_unused_result’ [-Werror=unused-result]
   58 |   scanf("%c %c %d", nombre, rut, edad);
      |   ^~~~~~~~~~~~~~~~~~~~~~~~~~~~~~~~~~~~
cc1: all warnings being treated as errors
Compilation failed
44b937c
Fri 17 Mar 2023 02:36:44 AM UTC: 
 exercises.c | 2 +-
 1 file changed, 1 insertion(+), 1 deletion(-)
In file included from test.c:5:
exercises.c: In function ‘crearPersona’:
exercises.c:58:17: error: format ‘%i’ expects argument of type ‘int *’, but argument 4 has type ‘int’ [-Werror=format=]
   58 |   scanf("%c %c %i", nombre, rut, edad);
      |                ~^                ~~~~
      |                 |                |
      |                 int *            int
exercises.c:58:3: error: ignoring return value of ‘scanf’ declared with attribute ‘warn_unused_result’ [-Werror=unused-result]
   58 |   scanf("%c %c %i", nombre, rut, edad);
      |   ^~~~~~~~~~~~~~~~~~~~~~~~~~~~~~~~~~~~
cc1: all warnings being treated as errors
Compilation failed
decf68d
Fri 17 Mar 2023 02:36:52 AM UTC: 
 exercises.c | 2 +-
 1 file changed, 1 insertion(+), 1 deletion(-)
In file included from test.c:5:
exercises.c: In function ‘crearPersona’:
exercises.c:58:34: error: invalid type argument of unary ‘*’ (have ‘int’)
   58 |   scanf("%c %c %i", nombre, rut, *edad);
      |                                  ^~~~~
Compilation failed
e351fd6
Fri 17 Mar 2023 02:37:06 AM UTC: 
 exercises.c | 2 +-
 1 file changed, 1 insertion(+), 1 deletion(-)
In file included from test.c:5:
exercises.c: In function ‘crearPersona’:
exercises.c:58:3: error: ignoring return value of ‘scanf’ declared with attribute ‘warn_unused_result’ [-Werror=unused-result]
   58 |   scanf("%c %c %i", nombre, rut, &edad);
      |   ^~~~~~~~~~~~~~~~~~~~~~~~~~~~~~~~~~~~~
cc1: all warnings being treated as errors
Compilation failed
9f2de18
Fri 17 Mar 2023 02:38:48 AM UTC: 
 exercises.c | 4 +++-
 1 file changed, 3 insertions(+), 1 deletion(-)
In file included from test.c:5:
exercises.c: In function ‘crearPersona’:
exercises.c:58:14: error: ‘nuevaPersona’ undeclared (first use in this function); did you mean ‘crearPersona’?
   58 |       strcpy(nuevaPersona->nombre, nombre);
      |              ^~~~~~~~~~~~
      |              crearPersona
exercises.c:58:14: note: each undeclared identifier is reported only once for each function it appears in
Compilation failed
87f1f75
Fri 17 Mar 2023 02:38:58 AM UTC: 
 exercises.c | 6 +++---
 1 file changed, 3 insertions(+), 3 deletions(-)
 tests:  3|4
total_score: 30/70
c2425a9
Fri 17 Mar 2023 02:47:36 AM UTC: 
 exercises.c | 3 +++
 1 file changed, 3 insertions(+)
 tests:  3|4
total_score: 30/70
f209a8b
Fri 17 Mar 2023 02:48:26 AM UTC: 
 exercises.c | 2 +-
 1 file changed, 1 insertion(+), 1 deletion(-)
 tests:  4|3
total_score: 40/70
747879d
Fri 17 Mar 2023 02:48:37 AM UTC: 
 exercises.c | 2 +-
 1 file changed, 1 insertion(+), 1 deletion(-)
 tests:  3|4
total_score: 30/70
b67f973
Fri 17 Mar 2023 02:49:03 AM UTC: 
 exercises.c | 2 +-
 1 file changed, 1 insertion(+), 1 deletion(-)
In file included from test.c:5:
exercises.c: In function ‘crearVector’:
exercises.c:81:26: error: too many arguments to function ‘malloc’
   81 |     nuevoVector->datos = malloc(n, sizeof(int));
      |                          ^~~~~~
In file included from test.c:2:
/nix/store/4pqv2mwdn88h7xvsm7a5zplrd8sxzvw0-glibc-2.35-163-dev/include/stdlib.h:540:14: note: declared here
  540 | extern void *malloc (size_t __size) __THROW __attribute_malloc__
      |              ^~~~~~
Compilation failed
63aefc8
Fri 17 Mar 2023 02:50:21 AM UTC: 
 exercises.c | 3 ++-
 1 file changed, 2 insertions(+), 1 deletion(-)
In file included from test.c:5:
exercises.c: In function ‘crearVector’:
exercises.c:81:7: error: suggest parentheses around assignment used as truth value [-Werror=parentheses]
   81 |   if (nuevoVector = NULL) exit EXIT_SUCCESS;
      |       ^~~~~~~~~~~
exercises.c:81:27: error: statement with no effect [-Werror=unused-value]
   81 |   if (nuevoVector = NULL) exit EXIT_SUCCESS;
      |                           ^~~~
exercises.c:81:31: error: expected ‘;’ before numeric constant
   81 |   if (nuevoVector = NULL) exit EXIT_SUCCESS;
      |                               ^
      |                               ;
cc1: all warnings being treated as errors
Compilation failed
53fbe49
Fri 17 Mar 2023 02:50:42 AM UTC: 
 exercises.c | 2 +-
 1 file changed, 1 insertion(+), 1 deletion(-)
In file included from test.c:5:
exercises.c: In function ‘crearVector’:
exercises.c:81:7: error: suggest parentheses around assignment used as truth value [-Werror=parentheses]
   81 |   if (nuevoVector = NULL) return 0;
      |       ^~~~~~~~~~~
cc1: all warnings being treated as errors
Compilation failed
740a3e0
Fri 17 Mar 2023 02:51:01 AM UTC: 
 exercises.c | 2 +-
 1 file changed, 1 insertion(+), 1 deletion(-)
 tests:  3|4
total_score: 30/70
8ad9b71
Fri 17 Mar 2023 02:51:18 AM UTC: 
 exercises.c | 2 +-
 1 file changed, 1 insertion(+), 1 deletion(-)
 tests:  4|3
total_score: 40/70
3a4c5ff
Fri 17 Mar 2023 02:54:42 AM UTC: 
 exercises.c | 10 +++++-----
 1 file changed, 5 insertions(+), 5 deletions(-)
In file included from test.c:5:
exercises.c: In function ‘crearVector’:
exercises.c:83:12: error: ‘vector2’ is a pointer; did you mean to use ‘->’?
   83 |     vector2.capacidad = n;
      |            ^
      |            ->
Compilation failed
9923394
Fri 17 Mar 2023 02:54:52 AM UTC: 
 exercises.c | 2 +-
 1 file changed, 1 insertion(+), 1 deletion(-)
 tests:  4|3
total_score: 40/70
e4065ad
Fri 17 Mar 2023 02:56:38 AM UTC: 
 exercises.c | 2 +-
 1 file changed, 1 insertion(+), 1 deletion(-)
 tests:  4|3
total_score: 40/70
efb2c38
Fri 17 Mar 2023 03:02:24 AM UTC: 
 exercises.c | 2 +-
 1 file changed, 1 insertion(+), 1 deletion(-)
In file included from test.c:5:
exercises.c: In function ‘asignarValor’:
exercises.c:93:16: error: assignment to ‘int *’ from ‘int’ makes pointer from integer without a cast [-Werror=int-conversion]
   93 |     v[i].datos = valor;
      |                ^
cc1: all warnings being treated as errors
Compilation failed
108904e
Fri 17 Mar 2023 03:02:34 AM UTC: 
 exercises.c | 2 +-
 1 file changed, 1 insertion(+), 1 deletion(-)
 tests:  0|0
a2e1d0a
Fri 17 Mar 2023 03:02:52 AM UTC: 
 exercises.c | 2 +-
 1 file changed, 1 insertion(+), 1 deletion(-)
In file included from test.c:5:
exercises.c: In function ‘asignarValor’:
exercises.c:93:6: error: ‘v’ is a pointer; did you mean to use ‘->’?
   93 |     v.datos[i] = valor;
      |      ^
      |      ->
Compilation failed
60f447c
Fri 17 Mar 2023 03:03:02 AM UTC: 
 exercises.c | 2 +-
 1 file changed, 1 insertion(+), 1 deletion(-)
 tests:  4|3
total_score: 40/70
7d054d8
Fri 17 Mar 2023 03:03:46 AM UTC: 
 exercises.c | 2 +-
 1 file changed, 1 insertion(+), 1 deletion(-)
In file included from test.c:5:
exercises.c: In function ‘asignarValor’:
exercises.c:93:9: error: invalid type argument of ‘->’ (have ‘Vector’)
   93 |     v[i]->datos = valor;
      |         ^~
Compilation failed
4de9ef6
Fri 17 Mar 2023 03:03:57 AM UTC: 
 exercises.c | 2 +-
 1 file changed, 1 insertion(+), 1 deletion(-)
In file included from test.c:5:
exercises.c: In function ‘asignarValor’:
exercises.c:93:16: error: assignment to ‘int *’ from ‘int’ makes pointer from integer without a cast [-Werror=int-conversion]
   93 |     v[i].datos = valor;
      |                ^
cc1: all warnings being treated as errors
Compilation failed
8ee1f6c
Fri 17 Mar 2023 03:04:09 AM UTC: 
 exercises.c | 2 +-
 1 file changed, 1 insertion(+), 1 deletion(-)
 tests:  0|0
baba0c9
Fri 17 Mar 2023 03:04:23 AM UTC: 
 exercises.c | 2 +-
 1 file changed, 1 insertion(+), 1 deletion(-)
In file included from test.c:5:
exercises.c: In function ‘asignarValor’:
exercises.c:93:14: error: assignment to ‘int *’ from ‘int’ makes pointer from integer without a cast [-Werror=int-conversion]
   93 |     v->datos = valor;
      |              ^
cc1: all warnings being treated as errors
Compilation failed
2cfc084
Fri 17 Mar 2023 03:04:32 AM UTC: 
 exercises.c | 2 +-
 1 file changed, 1 insertion(+), 1 deletion(-)
 tests:  4|3
total_score: 40/70
703c50b
Fri 17 Mar 2023 03:07:34 AM UTC: 
 exercises.c | 2 +-
 1 file changed, 1 insertion(+), 1 deletion(-)
In file included from test.c:5:
exercises.c: In function ‘asignarValor’:
exercises.c:93:16: error: assignment to ‘int *’ from ‘int’ makes pointer from integer without a cast [-Werror=int-conversion]
   93 |     v[i].datos = valor;
      |                ^
cc1: all warnings being treated as errors
Compilation failed
128127d
Fri 17 Mar 2023 03:08:53 AM UTC: 
 exercises.c | 2 +-
 1 file changed, 1 insertion(+), 1 deletion(-)
In file included from test.c:5:
exercises.c: In function ‘asignarValor’:
exercises.c:93:9: error: invalid type argument of ‘->’ (have ‘Vector’)
   93 |     v[i]->datos = valor;
      |         ^~
Compilation failed
98e4f9e
Fri 17 Mar 2023 03:09:48 AM UTC: 
 exercises.c | 2 +-
 1 file changed, 1 insertion(+), 1 deletion(-)
In file included from test.c:5:
exercises.c: In function ‘asignarValor’:
exercises.c:93:16: error: assignment to ‘int *’ from ‘int’ makes pointer from integer without a cast [-Werror=int-conversion]
   93 |     v[i].datos = valor;
      |                ^
cc1: all warnings being treated as errors
Compilation failed
a33a465
Fri 17 Mar 2023 03:11:16 AM UTC: 
 exercises.c | 2 +-
 1 file changed, 1 insertion(+), 1 deletion(-)
In file included from test.c:5:
exercises.c: In function ‘asignarValor’:
exercises.c:93:6: error: ‘v’ is a pointer; did you mean to use ‘->’?
   93 |     v.datos = valor;
      |      ^
      |      ->
Compilation failed
e66780c
Fri 17 Mar 2023 03:11:26 AM UTC: 
 exercises.c | 2 +-
 1 file changed, 1 insertion(+), 1 deletion(-)
In file included from test.c:5:
exercises.c: In function ‘asignarValor’:
exercises.c:93:14: error: assignment to ‘int *’ from ‘int’ makes pointer from integer without a cast [-Werror=int-conversion]
   93 |     v->datos = valor;
      |              ^
cc1: all warnings being treated as errors
Compilation failed
60e025c
Fri 17 Mar 2023 03:13:06 AM UTC: 
 exercises.c | 2 +-
 1 file changed, 1 insertion(+), 1 deletion(-)
 tests:  4|3
total_score: 40/70
fa8fea5
Fri 17 Mar 2023 03:13:42 AM UTC: 
 exercises.c | 4 ++++
 1 file changed, 4 insertions(+)
 tests:  4|3
total_score: 40/70
e8a3af3
Fri 17 Mar 2023 03:13:54 AM UTC: 
 exercises.c | 4 ----
 1 file changed, 4 deletions(-)
 tests:  4|3
total_score: 40/70
7a8d26b
Fri 17 Mar 2023 03:19:25 AM UTC: 
 exercises.c | 1 +
 1 file changed, 1 insertion(+)
test.c: In function ‘asignarValor’:
test.c:251:5: error: ‘main’ is normally a non-static function [-Werror=main]
  251 | int main( int argc, char *argv[] ) {
      |     ^~~~
test.c:271:1: error: expected declaration or statement at end of input
  271 | }
      | ^
At top level:
test.c:251:5: error: ‘main’ defined but not used [-Werror=unused-function]
  251 | int main( int argc, char *argv[] ) {
      |     ^~~~
cc1: all warnings being treated as errors
Compilation failed
5cfc3ab
Fri 17 Mar 2023 03:19:45 AM UTC: 
 exercises.c | 3 +--
 1 file changed, 1 insertion(+), 2 deletions(-)
 tests:  4|3
total_score: 40/70
49b223d
Fri 17 Mar 2023 03:20:09 AM UTC: 
 exercises.c | 3 ++-
 1 file changed, 2 insertions(+), 1 deletion(-)
test.c: In function ‘asignarValor’:
test.c:251:5: error: ‘main’ is normally a non-static function [-Werror=main]
  251 | int main( int argc, char *argv[] ) {
      |     ^~~~
test.c:271:1: error: expected declaration or statement at end of input
  271 | }
      | ^
At top level:
test.c:251:5: error: ‘main’ defined but not used [-Werror=unused-function]
  251 | int main( int argc, char *argv[] ) {
      |     ^~~~
cc1: all warnings being treated as errors
Compilation failed
489f6f5
Fri 17 Mar 2023 03:20:49 AM UTC: 
 exercises.c | 1 +
 1 file changed, 1 insertion(+)
 tests:  4|3
total_score: 40/70
cd52786
Fri 17 Mar 2023 03:22:03 AM UTC: 
 exercises.c | 4 +---
 1 file changed, 1 insertion(+), 3 deletions(-)
 tests:  6|2
total_score: 50/70
7248fe1
Fri 17 Mar 2023 03:29:05 AM UTC: 
 exercises.c | 4 +++-
 1 file changed, 3 insertions(+), 1 deletion(-)
In file included from test.c:5:
exercises.c: In function ‘sumaV’:
exercises.c:112:50: error: expected ‘;’ before ‘}’ token
  112 |       c -> datos[i] = a ->datos[i] + b ->datos[i]
      |                                                  ^
      |                                                  ;
  113 |     }
      |     ~                                             
Compilation failed
a9b2303
Fri 17 Mar 2023 03:29:12 AM UTC: 
 exercises.c | 2 +-
 1 file changed, 1 insertion(+), 1 deletion(-)
 tests:  7|1
total_score: 60/70
e15d1fc
Fri 17 Mar 2023 03:33:53 AM UTC: 
 exercises.c | 6 ++++++
 1 file changed, 6 insertions(+)
In file included from test.c:5:
exercises.c: In function ‘sumaV2’:
exercises.c:123:9: error: suggest parentheses around assignment used as truth value [-Werror=parentheses]
  123 |      if(i=0)
      |         ^
cc1: all warnings being treated as errors
Compilation failed
c0795b5
Fri 17 Mar 2023 03:34:07 AM UTC: 
 exercises.c | 2 +-
 1 file changed, 1 insertion(+), 1 deletion(-)
 tests:  8|0
total_score: 70/70
08f5848
Fri 17 Mar 2023 03:48:02 AM UTC: 
 exercises.c | 3 +--
 1 file changed, 1 insertion(+), 2 deletions(-)
 tests:  6|2
total_score: 50/70
ac040d6
Fri 17 Mar 2023 03:48:40 AM UTC: 
 exercises.c | 3 ++-
 1 file changed, 2 insertions(+), 1 deletion(-)
 tests:  8|0
total_score: 70/70
a9937de
Fri 17 Mar 2023 10:18:04 PM UTC: 
 exercises.c | 2 +-
 1 file changed, 1 insertion(+), 1 deletion(-)
 tests:  8|0
total_score: 70/70
1ac6d08
Sat 18 Mar 2023 06:37:24 PM UTC: 
 exercises.c | 15 ++++++++++-----
 1 file changed, 10 insertions(+), 5 deletions(-)
In file included from test.c:5:
exercises.c: In function ‘sumaV2’:
exercises.c:122:3: error: ‘vectorA’ undeclared (first use in this function); did you mean ‘Vector’?
  122 |   vectorA = crearVector(int 2);
      |   ^~~~~~~
      |   Vector
exercises.c:122:3: note: each undeclared identifier is reported only once for each function it appears in
exercises.c:122:25: error: expected expression before ‘int’
  122 |   vectorA = crearVector(int 2);
      |                         ^~~
exercises.c:123:3: error: ‘vectorB’ undeclared (first use in this function); did you mean ‘Vector’?
  123 |   vectorB = crearVector(int 2);
      |   ^~~~~~~
      |   Vector
exercises.c:123:25: error: expected expression before ‘int’
  123 |   vectorB = crearVector(int 2);
      |                         ^~~
exercises.c:126:50: error: expected expression before ‘int’
  126 |       vectorA->datos[i] = asignarValor(*vectorA, int i, int a1);
      |                                                  ^~~
exercises.c:126:27: error: too few arguments to function ‘asignarValor’
  126 |       vectorA->datos[i] = asignarValor(*vectorA, int i, int a1);
      |                           ^~~~~~~~~~~~
exercises.c:92:6: note: declared here
   92 | void asignarValor(Vector * v, int i, int valor) {
      |      ^~~~~~~~~~~~
exercises.c:127:50: error: expected expression before ‘int’
  127 |       vectorB->datos[i] = asignarValor(*vectorB, int i, int b1);
      |                                                  ^~~
exercises.c:127:27: error: too few arguments to function ‘asignarValor’
  127 |       vectorB->datos[i] = asignarValor(*vectorB, int i, int b1);
      |                           ^~~~~~~~~~~~
exercises.c:92:6: note: declared here
   92 | void asignarValor(Vector * v, int i, int valor) {
      |      ^~~~~~~~~~~~
exercises.c:129:52: error: expected expression before ‘int’
  129 |         vectorA->datos[i] = asignarValor(*vectorA, int i, int a2);
      |                                                    ^~~
exercises.c:129:29: error: too few arguments to function ‘asignarValor’
  129 |         vectorA->datos[i] = asignarValor(*vectorA, int i, int a2);
      |                             ^~~~~~~~~~~~
exercises.c:92:6: note: declared here
   92 | void asignarValor(Vector * v, int i, int valor) {
      |      ^~~~~~~~~~~~
exercises.c:130:52: error: expected expression before ‘int’
  130 |         vectorB->datos[i] = asignarValor(*vectorB, int i, int b2);
      |                                                    ^~~
exercises.c:130:29: error: too few arguments to function ‘asignarValor’
  130 |         vectorB->datos[i] = asignarValor(*vectorB, int i, int b2);
      |                             ^~~~~~~~~~~~
exercises.c:92:6: note: declared here
   92 | void asignarValor(Vector * v, int i, int valor) {
      |      ^~~~~~~~~~~~
Compilation failed
ef32b48
Sat 18 Mar 2023 06:37:43 PM UTC: 
 exercises.c | 4 ++--
 1 file changed, 2 insertions(+), 2 deletions(-)
In file included from test.c:5:
exercises.c: In function ‘sumaV2’:
exercises.c:122:33: error: expected expression before ‘int’
  122 |   Vector *vectorA = crearVector(int 2);
      |                                 ^~~
exercises.c:123:33: error: expected expression before ‘int’
  123 |   Vector *vectorB = crearVector(int 2);
      |                                 ^~~
exercises.c:126:50: error: expected expression before ‘int’
  126 |       vectorA->datos[i] = asignarValor(*vectorA, int i, int a1);
      |                                                  ^~~
exercises.c:126:40: error: incompatible type for argument 1 of ‘asignarValor’
  126 |       vectorA->datos[i] = asignarValor(*vectorA, int i, int a1);
      |                                        ^~~~~~~~
      |                                        |
      |                                        Vector
exercises.c:92:28: note: expected ‘Vector *’ but argument is of type ‘Vector’
   92 | void asignarValor(Vector * v, int i, int valor) {
      |                   ~~~~~~~~~^
exercises.c:126:27: error: too few arguments to function ‘asignarValor’
  126 |       vectorA->datos[i] = asignarValor(*vectorA, int i, int a1);
      |                           ^~~~~~~~~~~~
exercises.c:92:6: note: declared here
   92 | void asignarValor(Vector * v, int i, int valor) {
      |      ^~~~~~~~~~~~
exercises.c:127:50: error: expected expression before ‘int’
  127 |       vectorB->datos[i] = asignarValor(*vectorB, int i, int b1);
      |                                                  ^~~
exercises.c:127:40: error: incompatible type for argument 1 of ‘asignarValor’
  127 |       vectorB->datos[i] = asignarValor(*vectorB, int i, int b1);
      |                                        ^~~~~~~~
      |                                        |
      |                                        Vector
exercises.c:92:28: note: expected ‘Vector *’ but argument is of type ‘Vector’
   92 | void asignarValor(Vector * v, int i, int valor) {
      |                   ~~~~~~~~~^
exercises.c:127:27: error: too few arguments to function ‘asignarValor’
  127 |       vectorB->datos[i] = asignarValor(*vectorB, int i, int b1);
      |                           ^~~~~~~~~~~~
exercises.c:92:6: note: declared here
   92 | void asignarValor(Vector * v, int i, int valor) {
      |      ^~~~~~~~~~~~
exercises.c:129:52: error: expected expression before ‘int’
  129 |         vectorA->datos[i] = asignarValor(*vectorA, int i, int a2);
      |                                                    ^~~
exercises.c:129:42: error: incompatible type for argument 1 of ‘asignarValor’
  129 |         vectorA->datos[i] = asignarValor(*vectorA, int i, int a2);
      |                                          ^~~~~~~~
      |                                          |
      |                                          Vector
exercises.c:92:28: note: expected ‘Vector *’ but argument is of type ‘Vector’
   92 | void asignarValor(Vector * v, int i, int valor) {
      |                   ~~~~~~~~~^
exercises.c:129:29: error: too few arguments to function ‘asignarValor’
  129 |         vectorA->datos[i] = asignarValor(*vectorA, int i, int a2);
      |                             ^~~~~~~~~~~~
exercises.c:92:6: note: declared here
   92 | void asignarValor(Vector * v, int i, int valor) {
      |      ^~~~~~~~~~~~
exercises.c:130:52: error: expected expression before ‘int’
  130 |         vectorB->datos[i] = asignarValor(*vectorB, int i, int b2);
      |                                                    ^~~
exercises.c:130:42: error: incompatible type for argument 1 of ‘asignarValor’
  130 |         vectorB->datos[i] = asignarValor(*vectorB, int i, int b2);
      |                                          ^~~~~~~~
      |                                          |
      |                                          Vector
exercises.c:92:28: note: expected ‘Vector *’ but argument is of type ‘Vector’
   92 | void asignarValor(Vector * v, int i, int valor) {
      |                   ~~~~~~~~~^
exercises.c:130:29: error: too few arguments to function ‘asignarValor’
  130 |         vectorB->datos[i] = asignarValor(*vectorB, int i, int b2);
      |                             ^~~~~~~~~~~~
exercises.c:92:6: note: declared here
   92 | void asignarValor(Vector * v, int i, int valor) {
      |      ^~~~~~~~~~~~
Compilation failed
da99e87
Sat 18 Mar 2023 06:38:16 PM UTC: 
 exercises.c | 4 ++--
 1 file changed, 2 insertions(+), 2 deletions(-)
In file included from test.c:5:
exercises.c: In function ‘sumaV2’:
exercises.c:122:34: error: expected expression before ‘int’
  122 |   Vector *vectorA = *crearVector(int 2);
      |                                  ^~~
exercises.c:123:34: error: expected expression before ‘int’
  123 |   Vector *vectorB = *crearVector(int 2);
      |                                  ^~~
exercises.c:126:50: error: expected expression before ‘int’
  126 |       vectorA->datos[i] = asignarValor(*vectorA, int i, int a1);
      |                                                  ^~~
exercises.c:126:40: error: incompatible type for argument 1 of ‘asignarValor’
  126 |       vectorA->datos[i] = asignarValor(*vectorA, int i, int a1);
      |                                        ^~~~~~~~
      |                                        |
      |                                        Vector
exercises.c:92:28: note: expected ‘Vector *’ but argument is of type ‘Vector’
   92 | void asignarValor(Vector * v, int i, int valor) {
      |                   ~~~~~~~~~^
exercises.c:126:27: error: too few arguments to function ‘asignarValor’
  126 |       vectorA->datos[i] = asignarValor(*vectorA, int i, int a1);
      |                           ^~~~~~~~~~~~
exercises.c:92:6: note: declared here
   92 | void asignarValor(Vector * v, int i, int valor) {
      |      ^~~~~~~~~~~~
exercises.c:127:50: error: expected expression before ‘int’
  127 |       vectorB->datos[i] = asignarValor(*vectorB, int i, int b1);
      |                                                  ^~~
exercises.c:127:40: error: incompatible type for argument 1 of ‘asignarValor’
  127 |       vectorB->datos[i] = asignarValor(*vectorB, int i, int b1);
      |                                        ^~~~~~~~
      |                                        |
      |                                        Vector
exercises.c:92:28: note: expected ‘Vector *’ but argument is of type ‘Vector’
   92 | void asignarValor(Vector * v, int i, int valor) {
      |                   ~~~~~~~~~^
exercises.c:127:27: error: too few arguments to function ‘asignarValor’
  127 |       vectorB->datos[i] = asignarValor(*vectorB, int i, int b1);
      |                           ^~~~~~~~~~~~
exercises.c:92:6: note: declared here
   92 | void asignarValor(Vector * v, int i, int valor) {
      |      ^~~~~~~~~~~~
exercises.c:129:52: error: expected expression before ‘int’
  129 |         vectorA->datos[i] = asignarValor(*vectorA, int i, int a2);
      |                                                    ^~~
exercises.c:129:42: error: incompatible type for argument 1 of ‘asignarValor’
  129 |         vectorA->datos[i] = asignarValor(*vectorA, int i, int a2);
      |                                          ^~~~~~~~
      |                                          |
      |                                          Vector
exercises.c:92:28: note: expected ‘Vector *’ but argument is of type ‘Vector’
   92 | void asignarValor(Vector * v, int i, int valor) {
      |                   ~~~~~~~~~^
exercises.c:129:29: error: too few arguments to function ‘asignarValor’
  129 |         vectorA->datos[i] = asignarValor(*vectorA, int i, int a2);
      |                             ^~~~~~~~~~~~
exercises.c:92:6: note: declared here
   92 | void asignarValor(Vector * v, int i, int valor) {
      |      ^~~~~~~~~~~~
exercises.c:130:52: error: expected expression before ‘int’
  130 |         vectorB->datos[i] = asignarValor(*vectorB, int i, int b2);
      |                                                    ^~~
exercises.c:130:42: error: incompatible type for argument 1 of ‘asignarValor’
  130 |         vectorB->datos[i] = asignarValor(*vectorB, int i, int b2);
      |                                          ^~~~~~~~
      |                                          |
      |                                          Vector
exercises.c:92:28: note: expected ‘Vector *’ but argument is of type ‘Vector’
   92 | void asignarValor(Vector * v, int i, int valor) {
      |                   ~~~~~~~~~^
exercises.c:130:29: error: too few arguments to function ‘asignarValor’
  130 |         vectorB->datos[i] = asignarValor(*vectorB, int i, int b2);
      |                             ^~~~~~~~~~~~
exercises.c:92:6: note: declared here
   92 | void asignarValor(Vector * v, int i, int valor) {
      |      ^~~~~~~~~~~~
Compilation failed
d035e62
